[08Dec2024 00:00:49.361] [Server thread/WARN] [net.minecraft.network.datasync.EntityDataManager/]: defineId called for: class forge.net.mca.entity.ZombieVillagerEntityMCA from class forge.net.mca.util.network.datasync.CDataParameter
[08Dec2024 00:00:49.367] [Server thread/WARN] [net.minecraft.network.datasync.EntityDataManager/]: defineId called for: class forge.net.mca.entity.ZombieVillagerEntityMCA from class forge.net.mca.util.network.datasync.CDataParameter
[08Dec2024 00:00:49.367] [Server thread/WARN] [net.minecraft.network.datasync.EntityDataManager/]: defineId called for: class forge.net.mca.entity.ZombieVillagerEntityMCA from class forge.net.mca.util.network.datasync.CDataParameter
[08Dec2024 00:00:49.367] [Server thread/WARN] [net.minecraft.network.datasync.EntityDataManager/]: defineId called for: class forge.net.mca.entity.ZombieVillagerEntityMCA from class forge.net.mca.util.network.datasync.CDataParameter
[08Dec2024 00:00:49.367] [Server thread/WARN] [net.minecraft.network.datasync.EntityDataManager/]: defineId called for: class forge.net.mca.entity.ZombieVillagerEntityMCA from class forge.net.mca.util.network.datasync.CDataParameter
[08Dec2024 00:00:49.367] [Server thread/WARN] [net.minecraft.network.datasync.EntityDataManager/]: defineId called for: class forge.net.mca.entity.ZombieVillagerEntityMCA from class forge.net.mca.util.network.datasync.CDataParameter
[08Dec2024 00:00:49.367] [Server thread/WARN] [net.minecraft.network.datasync.EntityDataManager/]: defineId called for: class forge.net.mca.entity.ZombieVillagerEntityMCA from class forge.net.mca.util.network.datasync.CDataParameter
[08Dec2024 00:00:49.368] [Server thread/WARN] [net.minecraft.network.datasync.EntityDataManager/]: defineId called for: class forge.net.mca.entity.ZombieVillagerEntityMCA from class forge.net.mca.util.network.datasync.CEnumParameter
[08Dec2024 00:00:49.368] [Server thread/WARN] [net.minecraft.network.datasync.EntityDataManager/]: defineId called for: class forge.net.mca.entity.ZombieVillagerEntityMCA from class forge.net.mca.util.network.datasync.CDataParameter
[08Dec2024 00:00:49.368] [Server thread/WARN] [net.minecraft.network.datasync.EntityDataManager/]: defineId called for: class forge.net.mca.entity.ZombieVillagerEntityMCA from class forge.net.mca.util.network.datasync.CDataParameter
[08Dec2024 00:00:49.368] [Server thread/WARN] [net.minecraft.network.datasync.EntityDataManager/]: defineId called for: class forge.net.mca.entity.ZombieVillagerEntityMCA from class forge.net.mca.util.network.datasync.CDataParameter
[08Dec2024 00:00:49.368] [Server thread/WARN] [net.minecraft.network.datasync.EntityDataManager/]: defineId called for: class forge.net.mca.entity.ZombieVillagerEntityMCA from class forge.net.mca.util.network.datasync.CDataParameter
[08Dec2024 00:00:49.369] [Server thread/WARN] [net.minecraft.network.datasync.EntityDataManager/]: defineId called for: class forge.net.mca.entity.ZombieVillagerEntityMCA from class forge.net.mca.util.network.datasync.CDataParameter
[08Dec2024 00:00:49.369] [Server thread/WARN] [net.minecraft.network.datasync.EntityDataManager/]: defineId called for: class forge.net.mca.entity.ZombieVillagerEntityMCA from class forge.net.mca.util.network.datasync.CDataParameter
[08Dec2024 00:00:49.369] [Server thread/WARN] [net.minecraft.network.datasync.EntityDataManager/]: defineId called for: class forge.net.mca.entity.ZombieVillagerEntityMCA from class forge.net.mca.util.network.datasync.CDataParameter
[08Dec2024 00:00:49.369] [Server thread/WARN] [net.minecraft.network.datasync.EntityDataManager/]: defineId called for: class forge.net.mca.entity.ZombieVillagerEntityMCA from class forge.net.mca.util.network.datasync.CDataParameter
[08Dec2024 00:00:49.369] [Server thread/WARN] [net.minecraft.network.datasync.EntityDataManager/]: defineId called for: class forge.net.mca.entity.ZombieVillagerEntityMCA from class forge.net.mca.util.network.datasync.CDataParameter
[08Dec2024 00:00:49.369] [Server thread/WARN] [net.minecraft.network.datasync.EntityDataManager/]: defineId called for: class forge.net.mca.entity.ZombieVillagerEntityMCA from class forge.net.mca.util.network.datasync.CDataParameter
[08Dec2024 00:00:49.370] [Server thread/WARN] [net.minecraft.network.datasync.EntityDataManager/]: defineId called for: class forge.net.mca.entity.ZombieVillagerEntityMCA from class forge.net.mca.util.network.datasync.CEnumParameter
[08Dec2024 00:00:49.370] [Server thread/WARN] [net.minecraft.network.datasync.EntityDataManager/]: defineId called for: class forge.net.mca.entity.ZombieVillagerEntityMCA from class forge.net.mca.util.network.datasync.CDataParameter
[08Dec2024 00:00:49.372] [Server thread/WARN] [net.minecraft.network.datasync.EntityDataManager/]: defineId called for: class forge.net.mca.entity.ZombieVillagerEntityMCA from class forge.net.mca.util.network.datasync.CDataParameter
[08Dec2024 00:00:49.372] [Server thread/WARN] [net.minecraft.network.datasync.EntityDataManager/]: defineId called for: class forge.net.mca.entity.ZombieVillagerEntityMCA from class forge.net.mca.util.network.datasync.CEnumParameter
[08Dec2024 00:00:49.373] [Server thread/WARN] [net.minecraft.network.datasync.EntityDataManager/]: defineId called for: class forge.net.mca.entity.ZombieVillagerEntityMCA from class forge.net.mca.util.network.datasync.CDataParameter
[08Dec2024 00:00:49.373] [Server thread/WARN] [net.minecraft.network.datasync.EntityDataManager/]: defineId called for: class forge.net.mca.entity.ZombieVillagerEntityMCA from class forge.net.mca.util.network.datasync.CEnumParameter
[08Dec2024 00:00:49.373] [Server thread/WARN] [net.minecraft.network.datasync.EntityDataManager/]: defineId called for: class forge.net.mca.entity.ZombieVillagerEntityMCA from class forge.net.mca.util.network.datasync.CEnumParameter
[08Dec2024 00:00:49.379] [Server thread/WARN] [net.minecraft.network.datasync.EntityDataManager/]: defineId called for: class forge.net.mca.entity.ZombieVillagerEntityMCA from class forge.net.mca.util.network.datasync.CDataParameter
[08Dec2024 00:00:49.379] [Server thread/WARN] [net.minecraft.network.datasync.EntityDataManager/]: defineId called for: class forge.net.mca.entity.ZombieVillagerEntityMCA from class forge.net.mca.util.network.datasync.CDataParameter
[08Dec2024 00:00:49.379] [Server thread/WARN] [net.minecraft.network.datasync.EntityDataManager/]: defineId called for: class forge.net.mca.entity.ZombieVillagerEntityMCA from class forge.net.mca.util.network.datasync.CDataParameter
[08Dec2024 00:00:49.380] [Server thread/WARN] [net.minecraft.network.datasync.EntityDataManager/]: defineId called for: class forge.net.mca.entity.ZombieVillagerEntityMCA from class forge.net.mca.util.network.datasync.CDataParameter
[08Dec2024 00:00:49.380] [Server thread/WARN] [net.minecraft.network.datasync.EntityDataManager/]: defineId called for: class forge.net.mca.entity.ZombieVillagerEntityMCA from class forge.net.mca.util.network.datasync.CDataParameter
[08Dec2024 00:00:49.380] [Server thread/WARN] [net.minecraft.network.datasync.EntityDataManager/]: defineId called for: class forge.net.mca.entity.ZombieVillagerEntityMCA from class forge.net.mca.util.network.datasync.CDataParameter
[08Dec2024 00:00:49.381] [Server thread/WARN] [net.minecraft.network.datasync.EntityDataManager/]: defineId called for: class forge.net.mca.entity.ZombieVillagerEntityMCA from class forge.net.mca.util.network.datasync.CDataParameter
[08Dec2024 00:00:49.381] [Server thread/WARN] [net.minecraft.network.datasync.EntityDataManager/]: defineId called for: class forge.net.mca.entity.ZombieVillagerEntityMCA from class forge.net.mca.util.network.datasync.CDataParameter
[08Dec2024 00:00:49.381] [Server thread/WARN] [net.minecraft.network.datasync.EntityDataManager/]: defineId called for: class forge.net.mca.entity.ZombieVillagerEntityMCA from class forge.net.mca.util.network.datasync.CDataParameter
[08Dec2024 00:00:49.382] [Server thread/WARN] [net.minecraft.network.datasync.EntityDataManager/]: defineId called for: class forge.net.mca.entity.ZombieVillagerEntityMCA from class forge.net.mca.util.network.datasync.CDataParameter
[08Dec2024 00:00:49.382] [Server thread/WARN] [net.minecraft.network.datasync.EntityDataManager/]: defineId called for: class forge.net.mca.entity.ZombieVillagerEntityMCA from class forge.net.mca.util.network.datasync.CDataParameter
[08Dec2024 00:00:55.195] [Server thread/INFO] [STDERR/]: [optifine.OptiFineTransformer:getOptiFineResourcePatched:414]: java.io.IOException: Base resource not found: zs$2.class
[08Dec2024 00:00:55.196] [Server thread/INFO] [STDERR/]: [optifine.OptiFineTransformer:getOptiFineResourcePatched:414]: 	at optifine.Patcher.applyPatch(Patcher.java:146)
[08Dec2024 00:00:55.197] [Server thread/INFO] [STDERR/]: [optifine.OptiFineTransformer:getOptiFineResourcePatched:414]: 	at optifine.OptiFineTransformer.getOptiFineResourcePatched(OptiFineTransformer.java:396)
[08Dec2024 00:00:55.198] [Server thread/INFO] [STDERR/]: [optifine.OptiFineTransformer:getOptiFineResourcePatched:414]: 	at optifine.OptiFineTransformer.getOptiFineResourceStreamPatched(OptiFineTransformer.java:368)
[08Dec2024 00:00:55.199] [Server thread/INFO] [STDERR/]: [optifine.OptiFineTransformer:getOptiFineResourcePatched:414]: 	at optifine.OptiFineTransformer.getOptiFineResourceStream(OptiFineTransformer.java:292)
[08Dec2024 00:00:55.200] [Server thread/INFO] [STDERR/]: [optifine.OptiFineTransformer:getOptiFineResourcePatched:414]: 	at optifine.OptiFineTransformer.getOptiFineResource(OptiFineTransformer.java:261)
[08Dec2024 00:00:55.201] [Server thread/INFO] [STDERR/]: [optifine.OptiFineTransformer:getOptiFineResourcePatched:414]: 	at optifine.OptiFineTransformer.transform(OptiFineTransformer.java:172)
[08Dec2024 00:00:55.204] [Server thread/INFO] [STDERR/]: [optifine.OptiFineTransformer:getOptiFineResourcePatched:414]: 	at optifine.OptiFineTransformer.transform(OptiFineTransformer.java:1)
[08Dec2024 00:00:55.205] [Server thread/INFO] [STDERR/]: [optifine.OptiFineTransformer:getOptiFineResourcePatched:414]: 	at cpw.mods.modlauncher.TransformerHolder.transform(TransformerHolder.java:41)
[08Dec2024 00:00:55.208] [Server thread/INFO] [STDERR/]: [optifine.OptiFineTransformer:getOptiFineResourcePatched:414]: 	at cpw.mods.modlauncher.ClassTransformer.performVote(ClassTransformer.java:179)
[08Dec2024 00:00:55.209] [Server thread/INFO] [STDERR/]: [optifine.OptiFineTransformer:getOptiFineResourcePatched:414]: 	at cpw.mods.modlauncher.ClassTransformer.transform(ClassTransformer.java:98)
[08Dec2024 00:00:55.211] [Server thread/INFO] [STDERR/]: [optifine.OptiFineTransformer:getOptiFineResourcePatched:414]: 	at cpw.mods.modlauncher.TransformingClassLoader$DelegatedClassLoader.findClass(TransformingClassLoader.java:265)
[08Dec2024 00:00:55.213] [Server thread/INFO] [STDERR/]: [optifine.OptiFineTransformer:getOptiFineResourcePatched:414]: 	at cpw.mods.modlauncher.TransformingClassLoader.loadClass(TransformingClassLoader.java:136)
[08Dec2024 00:00:55.214] [Server thread/INFO] [STDERR/]: [optifine.OptiFineTransformer:getOptiFineResourcePatched:414]: 	at cpw.mods.modlauncher.TransformingClassLoader.loadClass(TransformingClassLoader.java:98)
[08Dec2024 00:00:55.215] [Server thread/INFO] [STDERR/]: [optifine.OptiFineTransformer:getOptiFineResourcePatched:414]: 	at java.base/java.lang.ClassLoader.loadClass(ClassLoader.java:527)
[08Dec2024 00:00:55.217] [Server thread/INFO] [STDERR/]: [optifine.OptiFineTransformer:getOptiFineResourcePatched:414]: 	at net.minecraft.world.server.ChunkManager.func_219227_a(ChunkManager.java:252)
[08Dec2024 00:00:55.218] [Server thread/INFO] [STDERR/]: [optifine.OptiFineTransformer:getOptiFineResourcePatched:414]: 	at java.base/java.util.concurrent.CompletableFuture$UniApply.tryFire(CompletableFuture.java:642)
[08Dec2024 00:00:55.219] [Server thread/INFO] [STDERR/]: [optifine.OptiFineTransformer:getOptiFineResourcePatched:414]: 	at java.base/java.util.concurrent.CompletableFuture.postComplete(CompletableFuture.java:506)
[08Dec2024 00:00:55.220] [Server thread/INFO] [STDERR/]: [optifine.OptiFineTransformer:getOptiFineResourcePatched:414]: 	at java.base/java.util.concurrent.CompletableFuture.complete(CompletableFuture.java:2079)
[08Dec2024 00:00:55.222] [Server thread/INFO] [STDERR/]: [optifine.OptiFineTransformer:getOptiFineResourcePatched:414]: 	at net.minecraft.world.server.ChunkHolder.func_219291_a(ChunkHolder.java:303)
[08Dec2024 00:00:55.223] [Server thread/INFO] [STDERR/]: [optifine.OptiFineTransformer:getOptiFineResourcePatched:414]: 	at net.minecraft.world.server.TicketManager.func_219343_a(TicketManager.java:104)
[08Dec2024 00:00:55.224] [Server thread/INFO] [STDERR/]: [optifine.OptiFineTransformer:getOptiFineResourcePatched:414]: 	at java.base/java.lang.Iterable.forEach(Iterable.java:75)
[08Dec2024 00:00:55.225] [Server thread/INFO] [STDERR/]: [optifine.OptiFineTransformer:getOptiFineResourcePatched:414]: 	at net.minecraft.world.server.TicketManager.func_219353_a(TicketManager.java:103)
[08Dec2024 00:00:55.226] [Server thread/INFO] [STDERR/]: [optifine.OptiFineTransformer:getOptiFineResourcePatched:414]: 	at net.minecraft.world.server.ServerChunkProvider.func_217235_l(ServerChunkProvider.java:276)
[08Dec2024 00:00:55.227] [Server thread/INFO] [STDERR/]: [optifine.OptiFineTransformer:getOptiFineResourcePatched:414]: 	at net.minecraft.world.server.ServerChunkProvider.access$200(ServerChunkProvider.java:49)
[08Dec2024 00:00:55.228] [Server thread/INFO] [STDERR/]: [optifine.OptiFineTransformer:getOptiFineResourcePatched:414]: 	at net.minecraft.world.server.ServerChunkProvider$ChunkExecutor.func_213168_p(ServerChunkProvider.java:523)
[08Dec2024 00:00:55.229] [Server thread/INFO] [STDERR/]: [optifine.OptiFineTransformer:getOptiFineResourcePatched:414]: 	at net.minecraft.world.server.ServerChunkProvider.func_217234_d(ServerChunkProvider.java:272)
[08Dec2024 00:00:55.231] [Server thread/INFO] [STDERR/]: [optifine.OptiFineTransformer:getOptiFineResourcePatched:414]: 	at net.minecraft.server.MinecraftServer.func_213205_aW(MinecraftServer.java:722)
[08Dec2024 00:00:55.232] [Server thread/INFO] [STDERR/]: [optifine.OptiFineTransformer:getOptiFineResourcePatched:414]: 	at net.minecraft.server.MinecraftServer.func_213168_p(MinecraftServer.java:711)
[08Dec2024 00:00:55.233] [Server thread/INFO] [STDERR/]: [optifine.OptiFineTransformer:getOptiFineResourcePatched:414]: 	at net.minecraft.util.concurrent.ThreadTaskExecutor.func_213160_bf(SourceFile:103)
[08Dec2024 00:00:55.234] [Server thread/INFO] [STDERR/]: [optifine.OptiFineTransformer:getOptiFineResourcePatched:414]: 	at net.minecraft.server.MinecraftServer.func_213202_o(MinecraftServer.java:696)
[08Dec2024 00:00:55.234] [Server thread/INFO] [STDERR/]: [optifine.OptiFineTransformer:getOptiFineResourcePatched:414]: 	at net.minecraft.server.MinecraftServer.func_240802_v_(MinecraftServer.java:646)
[08Dec2024 00:00:55.235] [Server thread/INFO] [STDERR/]: [optifine.OptiFineTransformer:getOptiFineResourcePatched:414]: 	at net.minecraft.server.MinecraftServer.func_240783_a_(MinecraftServer.java:232)
[08Dec2024 00:00:55.236] [Server thread/INFO] [STDERR/]: [optifine.OptiFineTransformer:getOptiFineResourcePatched:414]: 	at java.base/java.lang.Thread.run(Thread.java:829)
[08Dec2024 00:00:59.980] [Server thread/WARN] [net.minecraft.server.management.PlayerInteractionManager/]: Mismatch in destroy block pos: BlockPos{x=0, y=0, z=0} BlockPos{x=-174, y=63, z=-49}
[08Dec2024 00:01:00.053] [Server thread/WARN] [net.minecraft.server.management.PlayerInteractionManager/]: Mismatch in destroy block pos: BlockPos{x=0, y=0, z=0} BlockPos{x=-174, y=63, z=-49}
[08Dec2024 00:01:00.093] [Server thread/WARN] [net.minecraft.server.management.PlayerInteractionManager/]: Mismatch in destroy block pos: BlockPos{x=0, y=0, z=0} BlockPos{x=-174, y=63, z=-50}
[08Dec2024 00:01:01.179] [Server thread/WARN] [net.minecraft.server.management.PlayerInteractionManager/]: Mismatch in destroy block pos: BlockPos{x=0, y=0, z=0} BlockPos{x=-172, y=63, z=-48}
[08Dec2024 00:01:03.134] [Server thread/WARN] [net.minecraft.server.management.PlayerInteractionManager/]: Mismatch in destroy block pos: BlockPos{x=0, y=0, z=0} BlockPos{x=-170, y=63, z=-47}
[08Dec2024 00:01:03.600] [Server thread/WARN] [net.minecraft.server.management.PlayerInteractionManager/]: Mismatch in destroy block pos: BlockPos{x=0, y=0, z=0} BlockPos{x=-169, y=63, z=-46}
[08Dec2024 00:01:06.937] [Server thread/WARN] [net.minecraft.server.management.PlayerInteractionManager/]: Mismatch in destroy block pos: BlockPos{x=0, y=0, z=0} BlockPos{x=-165, y=63, z=-47}
[08Dec2024 00:01:48.804] [Server thread/INFO] [net.minecraft.server.dedicated.DedicatedServer/]: AfterVariety has made the advancement [Alex's Mobs]
[08Dec2024 00:01:56.034] [Server thread/INFO] [net.minecraft.server.dedicated.DedicatedServer/]: [AfterVariety: Set own game mode to Creative Mode]
[08Dec2024 00:02:22.872] [Server thread/INFO] [STDERR/]: [optifine.OptiFineTransformer:getOptiFineResourcePatched:414]: java.io.IOException: Base resource not found: brd$1.class
[08Dec2024 00:02:22.876] [Server thread/INFO] [STDERR/]: [optifine.OptiFineTransformer:getOptiFineResourcePatched:414]: 	at optifine.Patcher.applyPatch(Patcher.java:146)
[08Dec2024 00:02:22.877] [Server thread/INFO] [STDERR/]: [optifine.OptiFineTransformer:getOptiFineResourcePatched:414]: 	at optifine.OptiFineTransformer.getOptiFineResourcePatched(OptiFineTransformer.java:396)
[08Dec2024 00:02:22.877] [Server thread/INFO] [STDERR/]: [optifine.OptiFineTransformer:getOptiFineResourcePatched:414]: 	at optifine.OptiFineTransformer.getOptiFineResourceStreamPatched(OptiFineTransformer.java:368)
[08Dec2024 00:02:22.877] [Server thread/INFO] [STDERR/]: [optifine.OptiFineTransformer:getOptiFineResourcePatched:414]: 	at optifine.OptiFineTransformer.getOptiFineResourceStream(OptiFineTransformer.java:292)
[08Dec2024 00:02:22.878] [Server thread/INFO] [STDERR/]: [optifine.OptiFineTransformer:getOptiFineResourcePatched:414]: 	at optifine.OptiFineTransformer.getOptiFineResource(OptiFineTransformer.java:261)
[08Dec2024 00:02:22.878] [Server thread/INFO] [STDERR/]: [optifine.OptiFineTransformer:getOptiFineResourcePatched:414]: 	at optifine.OptiFineTransformer.transform(OptiFineTransformer.java:172)
[08Dec2024 00:02:22.879] [Server thread/INFO] [STDERR/]: [optifine.OptiFineTransformer:getOptiFineResourcePatched:414]: 	at optifine.OptiFineTransformer.transform(OptiFineTransformer.java:1)
[08Dec2024 00:02:22.879] [Server thread/INFO] [STDERR/]: [optifine.OptiFineTransformer:getOptiFineResourcePatched:414]: 	at cpw.mods.modlauncher.TransformerHolder.transform(TransformerHolder.java:41)
[08Dec2024 00:02:22.880] [Server thread/INFO] [STDERR/]: [optifine.OptiFineTransformer:getOptiFineResourcePatched:414]: 	at cpw.mods.modlauncher.ClassTransformer.performVote(ClassTransformer.java:179)
[08Dec2024 00:02:22.880] [Server thread/INFO] [STDERR/]: [optifine.OptiFineTransformer:getOptiFineResourcePatched:414]: 	at cpw.mods.modlauncher.ClassTransformer.transform(ClassTransformer.java:98)
[08Dec2024 00:02:22.880] [Server thread/INFO] [STDERR/]: [optifine.OptiFineTransformer:getOptiFineResourcePatched:414]: 	at cpw.mods.modlauncher.TransformingClassLoader$DelegatedClassLoader.findClass(TransformingClassLoader.java:265)
[08Dec2024 00:02:22.881] [Server thread/INFO] [STDERR/]: [optifine.OptiFineTransformer:getOptiFineResourcePatched:414]: 	at cpw.mods.modlauncher.TransformingClassLoader.loadClass(TransformingClassLoader.java:136)
[08Dec2024 00:02:22.884] [Server thread/INFO] [STDERR/]: [optifine.OptiFineTransformer:getOptiFineResourcePatched:414]: 	at cpw.mods.modlauncher.TransformingClassLoader.loadClass(TransformingClassLoader.java:98)
[08Dec2024 00:02:22.886] [Server thread/INFO] [STDERR/]: [optifine.OptiFineTransformer:getOptiFineResourcePatched:414]: 	at java.base/java.lang.ClassLoader.loadClass(ClassLoader.java:527)
[08Dec2024 00:02:22.886] [Server thread/INFO] [STDERR/]: [optifine.OptiFineTransformer:getOptiFineResourcePatched:414]: 	at net.minecraft.util.math.ChunkPos.func_222239_a(SourceFile:149)
[08Dec2024 00:02:22.887] [Server thread/INFO] [STDERR/]: [optifine.OptiFineTransformer:getOptiFineResourcePatched:414]: 	at net.minecraft.util.math.ChunkPos.func_222243_a(SourceFile:141)
[08Dec2024 00:02:22.887] [Server thread/INFO] [STDERR/]: [optifine.OptiFineTransformer:getOptiFineResourcePatched:414]: 	at net.minecraft.village.PointOfInterestManager.func_226353_b_(SourceFile:71)
[08Dec2024 00:02:22.887] [Server thread/INFO] [STDERR/]: [optifine.OptiFineTransformer:getOptiFineResourcePatched:414]: 	at net.minecraft.village.PointOfInterestManager.func_219146_b(SourceFile:81)
[08Dec2024 00:02:22.888] [Server thread/INFO] [STDERR/]: [optifine.OptiFineTransformer:getOptiFineResourcePatched:414]: 	at net.minecraft.entity.passive.BeeEntity$UpdateBeehiveGoal.func_226489_j_(BeeEntity.java:1118)
[08Dec2024 00:02:22.888] [Server thread/INFO] [STDERR/]: [optifine.OptiFineTransformer:getOptiFineResourcePatched:414]: 	at net.minecraft.entity.passive.BeeEntity$UpdateBeehiveGoal.func_75249_e(BeeEntity.java:1101)
[08Dec2024 00:02:22.888] [Server thread/INFO] [STDERR/]: [optifine.OptiFineTransformer:getOptiFineResourcePatched:414]: 	at net.minecraft.entity.ai.goal.PrioritizedGoal.func_75249_e(SourceFile:41)
[08Dec2024 00:02:22.889] [Server thread/INFO] [STDERR/]: [optifine.OptiFineTransformer:getOptiFineResourcePatched:414]: 	at net.minecraft.entity.ai.goal.GoalSelector.func_220877_a(SourceFile:83)
[08Dec2024 00:02:22.889] [Server thread/INFO] [STDERR/]: [optifine.OptiFineTransformer:getOptiFineResourcePatched:414]: 	at java.base/java.util.stream.ForEachOps$ForEachOp$OfRef.accept(ForEachOps.java:183)
[08Dec2024 00:02:22.889] [Server thread/INFO] [STDERR/]: [optifine.OptiFineTransformer:getOptiFineResourcePatched:414]: 	at java.base/java.util.stream.ReferencePipeline$2$1.accept(ReferencePipeline.java:177)
[08Dec2024 00:02:22.890] [Server thread/INFO] [STDERR/]: [optifine.OptiFineTransformer:getOptiFineResourcePatched:414]: 	at java.base/java.util.stream.ReferencePipeline$2$1.accept(ReferencePipeline.java:177)
[08Dec2024 00:02:22.890] [Server thread/INFO] [STDERR/]: [optifine.OptiFineTransformer:getOptiFineResourcePatched:414]: 	at java.base/java.util.stream.ReferencePipeline$2$1.accept(ReferencePipeline.java:177)
[08Dec2024 00:02:22.891] [Server thread/INFO] [STDERR/]: [optifine.OptiFineTransformer:getOptiFineResourcePatched:414]: 	at java.base/java.util.stream.ReferencePipeline$2$1.accept(ReferencePipeline.java:177)
[08Dec2024 00:02:22.893] [Server thread/INFO] [STDERR/]: [optifine.OptiFineTransformer:getOptiFineResourcePatched:414]: 	at java.base/java.util.Iterator.forEachRemaining(Iterator.java:133)
[08Dec2024 00:02:22.893] [Server thread/INFO] [STDERR/]: [optifine.OptiFineTransformer:getOptiFineResourcePatched:414]: 	at java.base/java.util.Spliterators$IteratorSpliterator.forEachRemaining(Spliterators.java:1801)
[08Dec2024 00:02:22.893] [Server thread/INFO] [STDERR/]: [optifine.OptiFineTransformer:getOptiFineResourcePatched:414]: 	at java.base/java.util.stream.AbstractPipeline.copyInto(AbstractPipeline.java:484)
[08Dec2024 00:02:22.894] [Server thread/INFO] [STDERR/]: [optifine.OptiFineTransformer:getOptiFineResourcePatched:414]: 	at java.base/java.util.stream.AbstractPipeline.wrapAndCopyInto(AbstractPipeline.java:474)
[08Dec2024 00:02:22.894] [Server thread/INFO] [STDERR/]: [optifine.OptiFineTransformer:getOptiFineResourcePatched:414]: 	at java.base/java.util.stream.ForEachOps$ForEachOp.evaluateSequential(ForEachOps.java:150)
[08Dec2024 00:02:22.894] [Server thread/INFO] [STDERR/]: [optifine.OptiFineTransformer:getOptiFineResourcePatched:414]: 	at java.base/java.util.stream.ForEachOps$ForEachOp$OfRef.evaluateSequential(ForEachOps.java:173)
[08Dec2024 00:02:22.896] [Server thread/INFO] [STDERR/]: [optifine.OptiFineTransformer:getOptiFineResourcePatched:414]: 	at java.base/java.util.stream.AbstractPipeline.evaluate(AbstractPipeline.java:234)
[08Dec2024 00:02:22.896] [Server thread/INFO] [STDERR/]: [optifine.OptiFineTransformer:getOptiFineResourcePatched:414]: 	at java.base/java.util.stream.ReferencePipeline.forEach(ReferencePipeline.java:497)
[08Dec2024 00:02:22.897] [Server thread/INFO] [STDERR/]: [optifine.OptiFineTransformer:getOptiFineResourcePatched:414]: 	at net.minecraft.entity.ai.goal.GoalSelector.func_75774_a(SourceFile:77)
[08Dec2024 00:02:22.898] [Server thread/INFO] [STDERR/]: [optifine.OptiFineTransformer:getOptiFineResourcePatched:414]: 	at net.minecraft.entity.MobEntity.func_70626_be(MobEntity.java:682)
[08Dec2024 00:02:22.899] [Server thread/INFO] [STDERR/]: [optifine.OptiFineTransformer:getOptiFineResourcePatched:414]: 	at net.minecraft.entity.LivingEntity.func_70636_d(LivingEntity.java:2413)
[08Dec2024 00:02:22.899] [Server thread/INFO] [STDERR/]: [optifine.OptiFineTransformer:getOptiFineResourcePatched:414]: 	at net.minecraft.entity.MobEntity.func_70636_d(MobEntity.java:488)
[08Dec2024 00:02:22.899] [Server thread/INFO] [STDERR/]: [optifine.OptiFineTransformer:getOptiFineResourcePatched:414]: 	at net.minecraft.entity.AgeableEntity.func_70636_d(SourceFile:127)
[08Dec2024 00:02:22.900] [Server thread/INFO] [STDERR/]: [optifine.OptiFineTransformer:getOptiFineResourcePatched:414]: 	at net.minecraft.entity.passive.AnimalEntity.func_70636_d(AnimalEntity.java:51)
[08Dec2024 00:02:22.900] [Server thread/INFO] [STDERR/]: [optifine.OptiFineTransformer:getOptiFineResourcePatched:414]: 	at net.minecraft.entity.passive.BeeEntity.func_70636_d(BeeEntity.java:401)
[08Dec2024 00:02:22.901] [Server thread/INFO] [STDERR/]: [optifine.OptiFineTransformer:getOptiFineResourcePatched:414]: 	at net.minecraft.entity.LivingEntity.func_70071_h_(LivingEntity.java:2160)
[08Dec2024 00:02:22.901] [Server thread/INFO] [STDERR/]: [optifine.OptiFineTransformer:getOptiFineResourcePatched:414]: 	at net.minecraft.entity.MobEntity.func_70071_h_(MobEntity.java:300)
[08Dec2024 00:02:22.903] [Server thread/INFO] [STDERR/]: [optifine.OptiFineTransformer:getOptiFineResourcePatched:414]: 	at net.minecraft.entity.passive.BeeEntity.func_70071_h_(BeeEntity.java:218)
[08Dec2024 00:02:22.903] [Server thread/INFO] [STDERR/]: [optifine.OptiFineTransformer:getOptiFineResourcePatched:414]: 	at net.minecraft.world.server.ServerWorld.func_217479_a(ServerWorld.java:612)
[08Dec2024 00:02:22.903] [Server thread/INFO] [STDERR/]: [optifine.OptiFineTransformer:getOptiFineResourcePatched:414]: 	at net.minecraft.world.World.func_217390_a(World.java:554)
[08Dec2024 00:02:22.904] [Server thread/INFO] [STDERR/]: [optifine.OptiFineTransformer:getOptiFineResourcePatched:414]: 	at net.minecraft.world.server.ServerWorld.func_72835_b(ServerWorld.java:405)
[08Dec2024 00:02:22.905] [Server thread/INFO] [STDERR/]: [optifine.OptiFineTransformer:getOptiFineResourcePatched:414]: 	at net.minecraft.server.MinecraftServer.func_71190_q(MinecraftServer.java:851)
[08Dec2024 00:02:22.906] [Server thread/INFO] [STDERR/]: [optifine.OptiFineTransformer:getOptiFineResourcePatched:414]: 	at net.minecraft.server.dedicated.DedicatedServer.func_71190_q(DedicatedServer.java:291)
[08Dec2024 00:02:22.906] [Server thread/INFO] [STDERR/]: [optifine.OptiFineTransformer:getOptiFineResourcePatched:414]: 	at net.minecraft.server.MinecraftServer.func_71217_p(MinecraftServer.java:787)
[08Dec2024 00:02:22.907] [Server thread/INFO] [STDERR/]: [optifine.OptiFineTransformer:getOptiFineResourcePatched:414]: 	at net.minecraft.server.MinecraftServer.func_240802_v_(MinecraftServer.java:642)
[08Dec2024 00:02:22.907] [Server thread/INFO] [STDERR/]: [optifine.OptiFineTransformer:getOptiFineResourcePatched:414]: 	at net.minecraft.server.MinecraftServer.func_240783_a_(MinecraftServer.java:232)
[08Dec2024 00:02:22.908] [Server thread/INFO] [STDERR/]: [optifine.OptiFineTransformer:getOptiFineResourcePatched:414]: 	at java.base/java.lang.Thread.run(Thread.java:829)
[08Dec2024 00:03:26.878] [Server thread/INFO] [net.minecraft.server.dedicated.DedicatedServer/]: ImFadeel has made the advancement [Stone Age]
[08Dec2024 00:04:38.223] [Server thread/INFO] [net.minecraft.server.dedicated.DedicatedServer/]: ImFadeel has made the advancement [Getting an Upgrade]
[08Dec2024 00:06:39.826] [WorldEdit Task Executor - 0/WARN] [com.sk89q.worldedit.extent.clipboard.io.MCEditSchematicReader/]: Unknown block when loading schematic: 2:1. This is most likely a bad schematic.
[08Dec2024 00:06:40.689] [WorldEdit Task Executor - 0/WARN] [com.sk89q.worldedit.extent.clipboard.io.MCEditSchematicReader/]: Unknown block when loading schematic: 2:2. This is most likely a bad schematic.
[08Dec2024 00:06:40.841] [WorldEdit Task Executor - 0/WARN] [com.sk89q.worldedit.extent.clipboard.io.MCEditSchematicReader/]: Unknown block when loading schematic: 64:13. This is most likely a bad schematic.
[08Dec2024 00:06:40.906] [WorldEdit Task Executor - 0/WARN] [com.sk89q.worldedit.extent.clipboard.io.MCEditSchematicReader/]: Unknown block when loading schematic: 64:14. This is most likely a bad schematic.
[08Dec2024 00:06:40.948] [WorldEdit Task Executor - 0/WARN] [com.sk89q.worldedit.extent.clipboard.io.MCEditSchematicReader/]: Unknown block when loading schematic: 64:12. This is most likely a bad schematic.
[08Dec2024 00:06:42.883] [WorldEdit Task Executor - 0/WARN] [com.sk89q.worldedit.extent.clipboard.io.MCEditSchematicReader/]: Unknown block when loading schematic: 0:1. This is most likely a bad schematic.
[08Dec2024 00:06:43.806] [WorldEdit Task Executor - 0/WARN] [com.sk89q.worldedit.extent.clipboard.io.MCEditSchematicReader/]: Unknown block when loading schematic: 2:4. This is most likely a bad schematic.
[08Dec2024 00:06:43.806] [WorldEdit Task Executor - 0/WARN] [com.sk89q.worldedit.extent.clipboard.io.MCEditSchematicReader/]: Unknown block when loading schematic: 2:3. This is most likely a bad schematic.
[08Dec2024 00:06:44.571] [WorldEdit Task Executor - 0/WARN] [com.sk89q.worldedit.extent.clipboard.io.MCEditSchematicReader/]: Unknown block when loading schematic: 2:5. This is most likely a bad schematic.
[08Dec2024 00:06:44.593] [WorldEdit Task Executor - 0/WARN] [com.sk89q.worldedit.extent.clipboard.io.MCEditSchematicReader/]: Unknown block when loading schematic: 2:6. This is most likely a bad schematic.
[08Dec2024 00:06:44.610] [WorldEdit Task Executor - 0/INFO] [com.sk89q.worldedit.command.SchematicCommands/]: AfterVariety loaded /workspaces/AfterVarietySv1/servidor_minecraft/config/worldedit/schematics/tajmahalbyefteltje8114957.schematic
[08Dec2024 00:07:28.273] [Server thread/INFO] [net.minecraft.network.play.ServerPlayNetHandler/]: ImFadeel lost connection: Disconnected
[08Dec2024 00:07:28.280] [Server thread/INFO] [net.minecraft.server.dedicated.DedicatedServer/]: ImFadeel left the game
[08Dec2024 00:07:29.387] [Server thread/INFO] [com.sk89q.worldedit.extension.platform.PlatformManager/]: Unregistering com.sk89q.worldedit.forge.ForgePlatform from WorldEdit
[08Dec2024 00:07:29.464] [User Authenticator #3/INFO] [net.minecraft.network.login.ServerLoginNetHandler/]: UUID of player ImFadeel is 738bffd3-a4c5-4db3-b263-6114ecff6462
[08Dec2024 00:07:29.511] [Server thread/INFO] [net.minecraft.server.MinecraftServer/]: Stopping server
[08Dec2024 00:07:29.532] [Server thread/INFO] [net.minecraft.server.MinecraftServer/]: Saving players
[08Dec2024 00:07:29.540] [Server thread/INFO] [net.minecraft.network.play.ServerPlayNetHandler/]: AfterVariety lost connection: Server closed
[08Dec2024 00:07:29.541] [Server thread/INFO] [net.minecraft.server.dedicated.DedicatedServer/]: AfterVariety left the game
[08Dec2024 00:07:29.563] [Server thread/INFO] [net.minecraft.server.MinecraftServer/]: Saving worlds
[08Dec2024 00:07:29.564] [Server thread/INFO] [net.minecraft.server.MinecraftServer/]: Saving chunks for level 'ServerLevel[world]'/minecraft:overworld
[08Dec2024 00:07:38.660] [Server thread/INFO] [net.minecraft.world.server.ChunkManager/]: ThreadedAnvilChunkStorage (world): All chunks are saved
[08Dec2024 00:07:38.661] [Server thread/INFO] [net.minecraft.server.MinecraftServer/]: Saving chunks for level 'ServerLevel[world]'/minecraft:the_nether
[08Dec2024 00:07:38.681] [Server thread/INFO] [net.minecraft.world.server.ChunkManager/]: ThreadedAnvilChunkStorage (DIM-1): All chunks are saved
[08Dec2024 00:07:38.681] [Server thread/INFO] [net.minecraft.server.MinecraftServer/]: Saving chunks for level 'ServerLevel[world]'/minecraft:the_end
[08Dec2024 00:07:38.695] [Server thread/INFO] [net.minecraft.world.server.ChunkManager/]: ThreadedAnvilChunkStorage (DIM1): All chunks are saved
[08Dec2024 00:07:38.938] [Server thread/INFO] [net.minecraft.world.server.ChunkManager/]: ThreadedAnvilChunkStorage (world): All chunks are saved
[08Dec2024 00:07:38.963] [Server thread/INFO] [net.minecraft.world.server.ChunkManager/]: ThreadedAnvilChunkStorage (DIM-1): All chunks are saved
[08Dec2024 00:07:38.963] [Server thread/INFO] [net.minecraft.world.server.ChunkManager/]: ThreadedAnvilChunkStorage (DIM1): All chunks are saved
